Arguments: 
  /usr/local/bin/node /usr/local/bin/yarn start

PATH: 
  /Users/dhar/.psc-package:/Users/dhar/.psvm/current/bin:/Users/dhar/.local/bin:/Users/dhar/.opam/system/bin:/Users/dhar/Helpers/Scripts:/usr/local/opt/nvm/:/Users/dhar/.nvm/:/Users/dhar/.nvm:/usr/local/share/dotnet/:/Applications/Sublime Text.app/Contents/SharedSupport/bin:/Applications/Visual Studio Code.app/Contents/Resources/app/bin:/Library/Java/JavaVirtualMachines/jdk1.8.0_144.jdk/Contents/Home/bin:/Users/dhar/Library/Android/sdk//platform-tools:/Users/dhar/Library/Android/sdk//tools:/usr/local/bin:/usr/bin:/bin:/usr/sbin:/sbin:/usr/local/share/dotnet:/Library/Frameworks/Mono.framework/Versions/Current/Commands:./node_modules/.bin

Yarn version: 
  1.5.1

Node version: 
  8.4.0

Platform: 
  darwin x64

npm manifest: 
  {
    "name": "sean",
    "version": "1.0.0",
    "main": "index.js",
    "repository": "https://github.com/danieljharvey/sean",
    "author": "Daniel J Harvey <dan.harvey@futurice.com>",
    "license": "MIT",
    "private": true,
    "dependencies": {
      "purescript-hedwig": "^0.1.0"
    }
  }

yarn manifest: 
  No manifest

Lockfile: 
  # THIS IS AN AUTOGENERATED FILE. DO NOT EDIT THIS FILE DIRECTLY.
  # yarn lockfile v1
  
  
  base-64@0.1.0:
    version "0.1.0"
    resolved "https://registry.yarnpkg.com/base-64/-/base-64-0.1.0.tgz#780a99c84e7d600260361511c4877613bf24f6bb"
  
  clone@2.1.1:
    version "2.1.1"
    resolved "https://registry.yarnpkg.com/clone/-/clone-2.1.1.tgz#d217d1e961118e3ac9a4b8bba3285553bf647cdb"
  
  component-emitter@1.2.0:
    version "1.2.0"
    resolved "https://registry.yarnpkg.com/component-emitter/-/component-emitter-1.2.0.tgz#ccd113a86388d06482d03de3fc7df98526ba8efe"
  
  jsan@^3.1.3:
    version "3.1.10"
    resolved "https://registry.yarnpkg.com/jsan/-/jsan-3.1.10.tgz#ba9917b864defff567e0c990a34ae7a8d5eb1d90"
  
  linked-list@0.1.0:
    version "0.1.0"
    resolved "https://registry.yarnpkg.com/linked-list/-/linked-list-0.1.0.tgz#798b0ff97d1b92a4fd08480f55aea4e9d49d37bf"
  
  purescript-hedwig@^0.1.0:
    version "0.1.0"
    resolved "https://registry.yarnpkg.com/purescript-hedwig/-/purescript-hedwig-0.1.0.tgz#fc9c782fc774564701ac79f3a8cd5a08c06a7518"
    dependencies:
      remotedev "^0.2.7"
      snabbdom "^0.7.1"
      snabbdom-transition "^0.1.1"
  
  querystring@0.2.0, querystring@^0.2.0:
    version "0.2.0"
    resolved "https://registry.yarnpkg.com/querystring/-/querystring-0.2.0.tgz#b209849203bb25df820da756e747005878521620"
  
  remotedev@^0.2.7:
    version "0.2.7"
    resolved "https://registry.yarnpkg.com/remotedev/-/remotedev-0.2.7.tgz#85ef370b52eb5721bd3e869d681dc7027d527ee3"
    dependencies:
      jsan "^3.1.3"
      querystring "^0.2.0"
      rn-host-detect "^1.0.1"
      socketcluster-client "^5.0.0"
  
  rn-host-detect@^1.0.1:
    version "1.1.5"
    resolved "https://registry.yarnpkg.com/rn-host-detect/-/rn-host-detect-1.1.5.tgz#fbecb982b73932f34529e97932b9a63e58d8deb6"
  
  safe-buffer@~5.0.1:
    version "5.0.1"
    resolved "https://registry.yarnpkg.com/safe-buffer/-/safe-buffer-5.0.1.tgz#d263ca54696cd8a306b5ca6551e92de57918fbe7"
  
  sc-channel@~1.0.6:
    version "1.0.6"
    resolved "https://registry.yarnpkg.com/sc-channel/-/sc-channel-1.0.6.tgz#b38bd47a993e78290fbc53467867f6b2a0a08639"
    dependencies:
      sc-emitter "1.x.x"
  
  sc-emitter@1.x.x, sc-emitter@~1.1.0:
    version "1.1.0"
    resolved "https://registry.yarnpkg.com/sc-emitter/-/sc-emitter-1.1.0.tgz#ef119d4222f4c64f887b486964ef11116cdd0e75"
    dependencies:
      component-emitter "1.2.0"
  
  sc-errors@~1.3.0:
    version "1.3.3"
    resolved "https://registry.yarnpkg.com/sc-errors/-/sc-errors-1.3.3.tgz#c00bc4c766a970cc8d5937d08cd58e931d7dae05"
  
  sc-formatter@~3.0.0:
    version "3.0.2"
    resolved "https://registry.yarnpkg.com/sc-formatter/-/sc-formatter-3.0.2.tgz#9abdb14e71873ce7157714d3002477bbdb33c4e6"
  
  snabbdom-transition@^0.1.1:
    version "0.1.1"
    resolved "https://registry.yarnpkg.com/snabbdom-transition/-/snabbdom-transition-0.1.1.tgz#43c675f6ab9bf2fe6a532c4446bef0c12157ab9b"
    dependencies:
      snabbdom "^0.7.1"
  
  snabbdom@^0.7.1:
    version "0.7.1"
    resolved "https://registry.yarnpkg.com/snabbdom/-/snabbdom-0.7.1.tgz#c1e9eddfad2c02ebc2cf66aaefb040419d059597"
  
  socketcluster-client@^5.0.0:
    version "5.5.2"
    resolved "https://registry.yarnpkg.com/socketcluster-client/-/socketcluster-client-5.5.2.tgz#9d4369e0e722ff7e55e5422c2d44f5afe1aff128"
    dependencies:
      base-64 "0.1.0"
      clone "2.1.1"
      linked-list "0.1.0"
      querystring "0.2.0"
      sc-channel "~1.0.6"
      sc-emitter "~1.1.0"
      sc-errors "~1.3.0"
      sc-formatter "~3.0.0"
      ws "3.0.0"
  
  ultron@~1.1.0:
    version "1.1.1"
    resolved "https://registry.yarnpkg.com/ultron/-/ultron-1.1.1.tgz#9fe1536a10a664a65266a1e3ccf85fd36302bc9c"
  
  ws@3.0.0:
    version "3.0.0"
    resolved "https://registry.yarnpkg.com/ws/-/ws-3.0.0.tgz#98ddb00056c8390cb751e7788788497f99103b6c"
    dependencies:
      safe-buffer "~5.0.1"
      ultron "~1.1.0"

Trace: 
  Error: Command "start" not found.
      at new MessageError (/usr/local/lib/node_modules/yarn/lib/cli.js:186:110)
      at /usr/local/lib/node_modules/yarn/lib/cli.js:87307:17
      at Generator.next (<anonymous>)
      at step (/usr/local/lib/node_modules/yarn/lib/cli.js:98:30)
      at /usr/local/lib/node_modules/yarn/lib/cli.js:116:14
      at Promise (<anonymous>)
      at F (/usr/local/lib/node_modules/yarn/lib/cli.js:23451:28)
      at /usr/local/lib/node_modules/yarn/lib/cli.js:95:12
      at runCommand (/usr/local/lib/node_modules/yarn/lib/cli.js:87312:22)
      at Object.<anonymous> (/usr/local/lib/node_modules/yarn/lib/cli.js:87412:14)
